<?xml version="1.0" encoding="UTF-8"?>
<testsuite name="me.seolnavy.study.web.IndexControllerTest" tests="1" skipped="0" failures="0" errors="0" timestamp="2020-04-16T11:13:57" hostname="seolui-MacBook-Pro.local" time="0.25">
  <properties/>
  <testcase name="메인페이지_로딩" classname="me.seolnavy.study.web.IndexControllerTest" time="0.25"/>
  <system-out><![CDATA[2020-04-16 20:13:52.956  INFO 80405 --- [    Test worker] .b.t.c.SpringBootTestContextBootstrapper : Neither @ContextConfiguration nor @ContextHierarchy found for test class [me.seolnavy.study.web.IndexControllerTest], using SpringBootContextLoader
2020-04-16 20:13:52.957  INFO 80405 --- [    Test worker] o.s.t.c.support.AbstractContextLoader    : Could not detect default resource locations for test class [me.seolnavy.study.web.IndexControllerTest]: no resource found for suffixes {-context.xml, Context.groovy}.
2020-04-16 20:13:52.958  INFO 80405 --- [    Test worker] t.c.s.AnnotationConfigContextLoaderUtils : Could not detect default configuration classes for test class [me.seolnavy.study.web.IndexControllerTest]: IndexControllerTest does not declare any static, non-private, non-final, nested classes annotated with @Configuration.
2020-04-16 20:13:52.960  INFO 80405 --- [    Test worker] .b.t.c.SpringBootTestContextBootstrapper : Found @SpringBootConfiguration me.seolnavy.study.Application for test class me.seolnavy.study.web.IndexControllerTest
2020-04-16 20:13:52.962  INFO 80405 --- [    Test worker] .b.t.c.SpringBootTestContextBootstrapper : Loaded default TestExecutionListener class names from location [META-INF/spring.factories]: [org.springframework.security.test.context.support.WithSecurityContextTestExecutionListener, org.springframework.security.test.context.support.ReactorContextTestExecutionListener, org.springframework.boot.test.autoconfigure.restdocs.RestDocsTestExecutionListener, org.springframework.boot.test.autoconfigure.web.client.MockRestServiceServerResetTestExecutionListener, org.springframework.boot.test.autoconfigure.web.servlet.MockMvcPrintOnlyOnFailureTestExecutionListener, org.springframework.boot.test.autoconfigure.web.servlet.WebDriverTestExecutionListener, org.springframework.boot.test.mock.mockito.MockitoTestExecutionListener, org.springframework.boot.test.mock.mockito.ResetMocksTestExecutionListener, org.springframework.test.context.web.ServletTestExecutionListener, org.springframework.test.context.support.DirtiesContextBeforeModesTestExecutionListener, org.springframework.test.context.support.DependencyInjectionTestExecutionListener, org.springframework.test.context.support.DirtiesContextTestExecutionListener, org.springframework.test.context.transaction.TransactionalTestExecutionListener, org.springframework.test.context.jdbc.SqlScriptsTestExecutionListener]
2020-04-16 20:13:52.963  INFO 80405 --- [    Test worker] .b.t.c.SpringBootTestContextBootstrapper : Using TestExecutionListeners: [org.springframework.test.context.web.ServletTestExecutionListener@1f281ef9, org.springframework.test.context.support.DirtiesContextBeforeModesTestExecutionListener@6cc4ee87, org.springframework.boot.test.mock.mockito.MockitoTestExecutionListener@131ac9e3, org.springframework.boot.test.autoconfigure.SpringBootDependencyInjectionTestExecutionListener@2e0b866f, org.springframework.test.context.support.DirtiesContextTestExecutionListener@710b8a81, org.springframework.test.context.transaction.TransactionalTestExecutionListener@3af0f2f1, org.springframework.test.context.jdbc.SqlScriptsTestExecutionListener@7fe0619d, org.springframework.security.test.context.support.WithSecurityContextTestExecutionListener@daab8f0, org.springframework.security.test.context.support.ReactorContextTestExecutionListener@20587446, org.springframework.boot.test.autoconfigure.restdocs.RestDocsTestExecutionListener@1d026dc6, org.springframework.boot.test.autoconfigure.web.client.MockRestServiceServerResetTestExecutionListener@61120b72, org.springframework.boot.test.autoconfigure.web.servlet.MockMvcPrintOnlyOnFailureTestExecutionListener@39a74298, org.springframework.boot.test.autoconfigure.web.servlet.WebDriverTestExecutionListener@5abefbae, org.springframework.boot.test.mock.mockito.ResetMocksTestExecutionListener@54dcd162]

  .   ____          _            __ _ _
 /\\ / ___'_ __ _ _(_)_ __  __ _ \ \ \ \
( ( )\___ | '_ | '_| | '_ \/ _` | \ \ \ \
 \\/  ___)| |_)| | | | | || (_| |  ) ) ) )
  '  |____| .__|_| |_|_| |_\__, | / / / /
 =========|_|==============|___/=/_/_/_/
 :: Spring Boot ::        (v2.1.9.RELEASE)

2020-04-16 20:13:53.011  INFO 80405 --- [    Test worker] m.s.study.web.IndexControllerTest        : Starting IndexControllerTest on seolui-MacBook-Pro.local with PID 80405 (started by seol in /Users/seol/workspace/springboot-web)
2020-04-16 20:13:53.012  INFO 80405 --- [    Test worker] m.s.study.web.IndexControllerTest        : The following profiles are active: oauth
2020-04-16 20:13:53.448  INFO 80405 --- [    Test worker] .s.d.r.c.RepositoryConfigurationDelegate : Bootstrapping Spring Data repositories in DEFAULT mode.
2020-04-16 20:13:53.520  INFO 80405 --- [    Test worker] .s.d.r.c.RepositoryConfigurationDelegate : Finished Spring Data repository scanning in 63ms. Found 2 repository interfaces.
2020-04-16 20:13:53.824  INFO 80405 --- [    Test worker] trationDelegate$BeanPostProcessorChecker : Bean 'org.springframework.transaction.annotation.ProxyTransactionManagementConfiguration' of type [org.springframework.transaction.annotation.ProxyTransactionManagementConfiguration$$EnhancerBySpringCGLIB$$eea42fe4] is not eligible for getting processed by all BeanPostProcessors (for example: not eligible for auto-proxying)
2020-04-16 20:13:54.158  INFO 80405 --- [    Test worker] o.s.b.w.embedded.tomcat.TomcatWebServer  : Tomcat initialized with port(s): 0 (http)
2020-04-16 20:13:54.192  INFO 80405 --- [    Test worker] o.apache.catalina.core.StandardService   : Starting service [Tomcat]
2020-04-16 20:13:54.193  INFO 80405 --- [    Test worker] org.apache.catalina.core.StandardEngine  : Starting Servlet engine: [Apache Tomcat/9.0.26]
2020-04-16 20:13:54.389  INFO 80405 --- [    Test worker] o.a.c.c.C.[Tomcat].[localhost].[/]       : Initializing Spring embedded WebApplicationContext
2020-04-16 20:13:54.389  INFO 80405 --- [    Test worker] o.s.web.context.ContextLoader            : Root WebApplicationContext: initialization completed in 1373 ms
2020-04-16 20:13:54.684  INFO 80405 --- [    Test worker] com.zaxxer.hikari.HikariDataSource       : HikariPool-1 - Starting...
2020-04-16 20:13:54.931  INFO 80405 --- [    Test worker] com.zaxxer.hikari.HikariDataSource       : HikariPool-1 - Start completed.
2020-04-16 20:13:55.044  INFO 80405 --- [    Test worker] o.hibernate.jpa.internal.util.LogHelper  : HHH000204: Processing PersistenceUnitInfo [
	name: default
	...]
2020-04-16 20:13:55.114  INFO 80405 --- [    Test worker] org.hibernate.Version                    : HHH000412: Hibernate Core {5.3.12.Final}
2020-04-16 20:13:55.116  INFO 80405 --- [    Test worker] org.hibernate.cfg.Environment            : HHH000206: hibernate.properties not found
2020-04-16 20:13:55.173  INFO 80405 --- [    Test worker] o.hibernate.annotations.common.Version   : HCANN000001: Hibernate Commons Annotations {5.0.4.Final}
2020-04-16 20:13:55.337  INFO 80405 --- [    Test worker] org.hibernate.dialect.Dialect            : HHH000400: Using dialect: org.hibernate.dialect.MySQL5InnoDBDialect
Hibernate: drop table if exists posts
Hibernate: drop table if exists user
Hibernate: create table posts (id bigint not null auto_increment, created_date datetime, modified_date datetime, author varchar(255), content TEXT not null, title varchar(500) not null, primary key (id)) engine=InnoDB
Hibernate: create table user (id bigint not null auto_increment, email varchar(255) not null, name varchar(255) not null, picture varchar(255), role varchar(255) not null, primary key (id)) engine=InnoDB
2020-04-16 20:13:56.016  INFO 80405 --- [    Test worker] o.h.t.schema.internal.SchemaCreatorImpl  : HHH000476: Executing import script 'org.hibernate.tool.schema.internal.exec.ScriptSourceInputNonExistentImpl@a3029a1'
2020-04-16 20:13:56.019  INFO 80405 --- [    Test worker] j.LocalContainerEntityManagerFactoryBean : Initialized JPA EntityManagerFactory for persistence unit 'default'
2020-04-16 20:13:56.784  INFO 80405 --- [    Test worker] o.h.h.i.QueryTranslatorFactoryInitiator  : HHH000397: Using ASTQueryTranslatorFactory
2020-04-16 20:13:57.109  INFO 80405 --- [    Test worker] o.s.s.web.DefaultSecurityFilterChain     : Creating filter chain: any request, [org.springframework.security.web.context.request.async.WebAsyncManagerIntegrationFilter@24735410, org.springframework.security.web.context.SecurityContextPersistenceFilter@fa8e250, org.springframework.security.web.header.HeaderWriterFilter@1ba16fe3, org.springframework.security.web.authentication.logout.LogoutFilter@65ee043e, org.springframework.security.oauth2.client.web.OAuth2AuthorizationRequestRedirectFilter@10bfa764, org.springframework.security.oauth2.client.web.OAuth2LoginAuthenticationFilter@3f515e2e, org.springframework.security.web.authentication.ui.DefaultLoginPageGeneratingFilter@2d1cc9af, org.springframework.security.web.authentication.ui.DefaultLogoutPageGeneratingFilter@1a685f64, org.springframework.security.web.savedrequest.RequestCacheAwareFilter@1bd574c1, org.springframework.security.web.servletapi.SecurityContextHolderAwareRequestFilter@b1bde2f, org.springframework.security.web.authentication.AnonymousAuthenticationFilter@48e8fe98, org.springframework.security.web.session.SessionManagementFilter@7e1b1754, org.springframework.security.web.access.ExceptionTranslationFilter@7d1d2e9a, org.springframework.security.web.access.intercept.FilterSecurityInterceptor@154dacfb]
2020-04-16 20:13:57.303  INFO 80405 --- [    Test worker] o.s.s.concurrent.ThreadPoolTaskExecutor  : Initializing ExecutorService 'applicationTaskExecutor'
2020-04-16 20:13:57.319  WARN 80405 --- [    Test worker] aWebConfiguration$JpaWebMvcConfiguration : spring.jpa.open-in-view is enabled by default. Therefore, database queries may be performed during view rendering. Explicitly configure spring.jpa.open-in-view to disable this warning
2020-04-16 20:13:57.351  INFO 80405 --- [    Test worker] o.s.b.a.w.s.WelcomePageHandlerMapping    : Adding welcome page template: index
2020-04-16 20:13:57.733  INFO 80405 --- [    Test worker] s.a.ScheduledAnnotationBeanPostProcessor : No TaskScheduler/ScheduledExecutorService bean found for scheduled processing
2020-04-16 20:13:57.763  INFO 80405 --- [    Test worker] o.s.b.w.embedded.tomcat.TomcatWebServer  : Tomcat started on port(s): 64570 (http) with context path ''
2020-04-16 20:13:57.764  INFO 80405 --- [    Test worker] m.s.study.web.IndexControllerTest        : Started IndexControllerTest in 4.798 seconds (JVM running for 14.712)
2020-04-16 20:13:57.874  INFO 80405 --- [o-auto-1-exec-1] o.a.c.c.C.[Tomcat].[localhost].[/]       : Initializing Spring DispatcherServlet 'dispatcherServlet'
2020-04-16 20:13:57.875  INFO 80405 --- [o-auto-1-exec-1] o.s.web.servlet.DispatcherServlet        : Initializing Servlet 'dispatcherServlet'
2020-04-16 20:13:57.891  INFO 80405 --- [o-auto-1-exec-1] o.s.web.servlet.DispatcherServlet        : Completed initialization in 16 ms
Hibernate: select posts0_.id as id1_0_, posts0_.created_date as created_2_0_, posts0_.modified_date as modified3_0_, posts0_.author as author4_0_, posts0_.content as content5_0_, posts0_.title as title6_0_ from posts posts0_ order by posts0_.id DESC
]]></system-out>
  <system-err><![CDATA[]]></system-err>
</testsuite>
