<?xml version="1.0" encoding="UTF-8"?>
<testsuite name="me.seolnavy.study.web.HelloControllerTest" tests="2" skipped="0" failures="0" errors="0" timestamp="2020-04-16T11:13:52" hostname="seolui-MacBook-Pro.local" time="0.48">
  <properties/>
  <testcase name="hello가_리턴된다" classname="me.seolnavy.study.web.HelloControllerTest" time="0.401"/>
  <testcase name="helloDto가_리턴된다" classname="me.seolnavy.study.web.HelloControllerTest" time="0.076"/>
  <system-out><![CDATA[20:13:43.980 [Test worker] DEBUG org.springframework.test.context.junit4.SpringJUnit4ClassRunner - SpringJUnit4ClassRunner constructor called with [class me.seolnavy.study.web.HelloControllerTest]
20:13:43.993 [Test worker] DEBUG org.springframework.test.context.BootstrapUtils - Instantiating CacheAwareContextLoaderDelegate from class [org.springframework.test.context.cache.DefaultCacheAwareContextLoaderDelegate]
20:13:44.006 [Test worker] DEBUG org.springframework.test.context.BootstrapUtils - Instantiating BootstrapContext using constructor [public org.springframework.test.context.support.DefaultBootstrapContext(java.lang.Class,org.springframework.test.context.CacheAwareContextLoaderDelegate)]
20:13:44.034 [Test worker] DEBUG org.springframework.test.context.BootstrapUtils - Instantiating TestContextBootstrapper for test class [me.seolnavy.study.web.HelloControllerTest] from class [org.springframework.boot.test.autoconfigure.web.servlet.WebMvcTestContextBootstrapper]
20:13:44.059 [Test worker] INFO org.springframework.boot.test.autoconfigure.web.servlet.WebMvcTestContextBootstrapper - Neither @ContextConfiguration nor @ContextHierarchy found for test class [me.seolnavy.study.web.HelloControllerTest], using SpringBootContextLoader
20:13:44.064 [Test worker] DEBUG org.springframework.test.context.support.AbstractContextLoader - Did not detect default resource location for test class [me.seolnavy.study.web.HelloControllerTest]: class path resource [me/seolnavy/study/web/HelloControllerTest-context.xml] does not exist
20:13:44.065 [Test worker] DEBUG org.springframework.test.context.support.AbstractContextLoader - Did not detect default resource location for test class [me.seolnavy.study.web.HelloControllerTest]: class path resource [me/seolnavy/study/web/HelloControllerTestContext.groovy] does not exist
20:13:44.066 [Test worker] INFO org.springframework.test.context.support.AbstractContextLoader - Could not detect default resource locations for test class [me.seolnavy.study.web.HelloControllerTest]: no resource found for suffixes {-context.xml, Context.groovy}.
20:13:44.068 [Test worker] INFO org.springframework.test.context.support.AnnotationConfigContextLoaderUtils - Could not detect default configuration classes for test class [me.seolnavy.study.web.HelloControllerTest]: HelloControllerTest does not declare any static, non-private, non-final, nested classes annotated with @Configuration.
20:13:44.174 [Test worker] DEBUG org.springframework.test.context.support.ActiveProfilesUtils - Could not find an 'annotation declaring class' for annotation type [org.springframework.test.context.ActiveProfiles] and class [me.seolnavy.study.web.HelloControllerTest]
20:13:44.293 [Test worker] DEBUG org.springframework.context.annotation.ClassPathScanningCandidateComponentProvider - Identified candidate component class: file [/Users/seol/workspace/springboot-web/build/classes/java/main/me/seolnavy/study/Application.class]
20:13:44.295 [Test worker] INFO org.springframework.boot.test.context.SpringBootTestContextBootstrapper - Found @SpringBootConfiguration me.seolnavy.study.Application for test class me.seolnavy.study.web.HelloControllerTest
20:13:44.297 [Test worker] DEBUG org.springframework.boot.test.autoconfigure.web.servlet.WebMvcTestContextBootstrapper - @TestExecutionListeners is not present for class [me.seolnavy.study.web.HelloControllerTest]: using defaults.
20:13:44.299 [Test worker] INFO org.springframework.boot.test.autoconfigure.web.servlet.WebMvcTestContextBootstrapper - Loaded default TestExecutionListener class names from location [META-INF/spring.factories]: [org.springframework.security.test.context.support.WithSecurityContextTestExecutionListener, org.springframework.security.test.context.support.ReactorContextTestExecutionListener, org.springframework.boot.test.autoconfigure.restdocs.RestDocsTestExecutionListener, org.springframework.boot.test.autoconfigure.web.client.MockRestServiceServerResetTestExecutionListener, org.springframework.boot.test.autoconfigure.web.servlet.MockMvcPrintOnlyOnFailureTestExecutionListener, org.springframework.boot.test.autoconfigure.web.servlet.WebDriverTestExecutionListener, org.springframework.boot.test.mock.mockito.MockitoTestExecutionListener, org.springframework.boot.test.mock.mockito.ResetMocksTestExecutionListener, org.springframework.test.context.web.ServletTestExecutionListener, org.springframework.test.context.support.DirtiesContextBeforeModesTestExecutionListener, org.springframework.test.context.support.DependencyInjectionTestExecutionListener, org.springframework.test.context.support.DirtiesContextTestExecutionListener, org.springframework.test.context.transaction.TransactionalTestExecutionListener, org.springframework.test.context.jdbc.SqlScriptsTestExecutionListener]
20:13:44.328 [Test worker] INFO org.springframework.boot.test.autoconfigure.web.servlet.WebMvcTestContextBootstrapper - Using TestExecutionListeners: [org.springframework.test.context.web.ServletTestExecutionListener@5aa9380f, org.springframework.test.context.support.DirtiesContextBeforeModesTestExecutionListener@1ade9a21, org.springframework.boot.test.mock.mockito.MockitoTestExecutionListener@474ee7bb, org.springframework.boot.test.autoconfigure.SpringBootDependencyInjectionTestExecutionListener@5b7ebe04, org.springframework.test.context.support.DirtiesContextTestExecutionListener@48049c24, org.springframework.test.context.transaction.TransactionalTestExecutionListener@26650897, org.springframework.test.context.jdbc.SqlScriptsTestExecutionListener@16a640df, org.springframework.security.test.context.support.WithSecurityContextTestExecutionListener@38864291, org.springframework.security.test.context.support.ReactorContextTestExecutionListener@540f1c19, org.springframework.boot.test.autoconfigure.restdocs.RestDocsTestExecutionListener@5a2087bf, org.springframework.boot.test.autoconfigure.web.client.MockRestServiceServerResetTestExecutionListener@7e24949c, org.springframework.boot.test.autoconfigure.web.servlet.MockMvcPrintOnlyOnFailureTestExecutionListener@74bcd303, org.springframework.boot.test.autoconfigure.web.servlet.WebDriverTestExecutionListener@587ff659, org.springframework.boot.test.mock.mockito.ResetMocksTestExecutionListener@63c8f96]
20:13:44.333 [Test worker] DEBUG org.springframework.test.annotation.ProfileValueUtils - Retrieved @ProfileValueSourceConfiguration [null] for test class [me.seolnavy.study.web.HelloControllerTest]
20:13:44.334 [Test worker] DEBUG org.springframework.test.annotation.ProfileValueUtils - Retrieved ProfileValueSource type [class org.springframework.test.annotation.SystemProfileValueSource] for class [me.seolnavy.study.web.HelloControllerTest]
20:13:44.337 [Test worker] DEBUG org.springframework.test.annotation.ProfileValueUtils - Retrieved @ProfileValueSourceConfiguration [null] for test class [me.seolnavy.study.web.HelloControllerTest]
20:13:44.337 [Test worker] DEBUG org.springframework.test.annotation.ProfileValueUtils - Retrieved ProfileValueSource type [class org.springframework.test.annotation.SystemProfileValueSource] for class [me.seolnavy.study.web.HelloControllerTest]
20:13:44.345 [Test worker] DEBUG org.springframework.test.context.support.AbstractDirtiesContextTestExecutionListener - Before test class: context [DefaultTestContext@44672786 testClass = HelloControllerTest, testInstance = [null], testMethod = [null], testException = [null], mergedContextConfiguration = [WebMergedContextConfiguration@4d369536 testClass = HelloControllerTest, locations = '{}', classes = '{class me.seolnavy.study.Application}', contextInitializerClasses = '[]', activeProfiles = '{}', propertySourceLocations = '{}', propertySourceProperties = '{org.springframework.boot.test.autoconfigure.web.servlet.WebMvcTestContextBootstrapper=true}', contextCustomizers = set[org.springframework.boot.test.autoconfigure.OverrideAutoConfigurationContextCustomizerFactory$DisableAutoConfigurationContextCustomizer@4d3865c5, org.springframework.boot.test.autoconfigure.filter.TypeExcludeFiltersContextCustomizer@879153af, org.springframework.boot.test.autoconfigure.properties.PropertyMappingContextCustomizer@f30df882, org.springframework.boot.test.autoconfigure.web.servlet.WebDriverContextCustomizerFactory$Customizer@31762bcc, [ImportsContextCustomizer@218e426d key = [org.springframework.boot.autoconfigure.cache.CacheAutoConfiguration, org.springframework.boot.autoconfigure.context.MessageSourceAutoConfiguration, org.springframework.boot.autoconfigure.data.web.SpringDataWebAutoConfiguration, org.springframework.boot.autoconfigure.freemarker.FreeMarkerAutoConfiguration, org.springframework.boot.autoconfigure.groovy.template.GroovyTemplateAutoConfiguration, org.springframework.boot.autoconfigure.gson.GsonAutoConfiguration, org.springframework.boot.autoconfigure.hateoas.HypermediaAutoConfiguration, org.springframework.boot.autoconfigure.http.HttpMessageConvertersAutoConfiguration, org.springframework.boot.autoconfigure.jackson.JacksonAutoConfiguration, org.springframework.boot.autoconfigure.jsonb.JsonbAutoConfiguration, org.springframework.boot.autoconfigure.mustache.MustacheAutoConfiguration, org.springframework.boot.autoconfigure.task.TaskExecutionAutoConfiguration, org.springframework.boot.autoconfigure.thymeleaf.ThymeleafAutoConfiguration, org.springframework.boot.autoconfigure.validation.ValidationAutoConfiguration, org.springframework.boot.autoconfigure.web.servlet.error.ErrorMvcAutoConfiguration, org.springframework.boot.autoconfigure.web.servlet.WebMvcAutoConfiguration, org.springframework.boot.test.autoconfigure.web.servlet.MockMvcAutoConfiguration, org.springframework.boot.test.autoconfigure.web.servlet.MockMvcSecurityAutoConfiguration, org.springframework.boot.test.autoconfigure.web.servlet.MockMvcWebClientAutoConfiguration, org.springframework.boot.test.autoconfigure.web.servlet.MockMvcWebDriverAutoConfiguration]], org.springframework.boot.test.context.filter.ExcludeFilterContextCustomizer@270e19d, org.springframework.boot.test.json.DuplicateJsonObjectContextCustomizerFactory$DuplicateJsonObjectContextCustomizer@3168c890, org.springframework.boot.test.mock.mockito.MockitoContextCustomizer@0], resourceBasePath = 'src/main/webapp', contextLoader = 'org.springframework.boot.test.context.SpringBootContextLoader', parent = [null]], attributes = map[[empty]]], class annotated with @DirtiesContext [false] with mode [null].
20:13:44.348 [Test worker] DEBUG org.springframework.test.annotation.ProfileValueUtils - Retrieved @ProfileValueSourceConfiguration [null] for test class [me.seolnavy.study.web.HelloControllerTest]
20:13:44.348 [Test worker] DEBUG org.springframework.test.annotation.ProfileValueUtils - Retrieved ProfileValueSource type [class org.springframework.test.annotation.SystemProfileValueSource] for class [me.seolnavy.study.web.HelloControllerTest]
20:13:44.356 [Test worker] DEBUG org.springframework.test.context.support.DependencyInjectionTestExecutionListener - Performing dependency injection for test context [[DefaultTestContext@44672786 testClass = HelloControllerTest, testInstance = me.seolnavy.study.web.HelloControllerTest@339f7fa0, testMethod = [null], testException = [null], mergedContextConfiguration = [WebMergedContextConfiguration@4d369536 testClass = HelloControllerTest, locations = '{}', classes = '{class me.seolnavy.study.Application}', contextInitializerClasses = '[]', activeProfiles = '{}', propertySourceLocations = '{}', propertySourceProperties = '{org.springframework.boot.test.autoconfigure.web.servlet.WebMvcTestContextBootstrapper=true}', contextCustomizers = set[org.springframework.boot.test.autoconfigure.OverrideAutoConfigurationContextCustomizerFactory$DisableAutoConfigurationContextCustomizer@4d3865c5, org.springframework.boot.test.autoconfigure.filter.TypeExcludeFiltersContextCustomizer@879153af, org.springframework.boot.test.autoconfigure.properties.PropertyMappingContextCustomizer@f30df882, org.springframework.boot.test.autoconfigure.web.servlet.WebDriverContextCustomizerFactory$Customizer@31762bcc, [ImportsContextCustomizer@218e426d key = [org.springframework.boot.autoconfigure.cache.CacheAutoConfiguration, org.springframework.boot.autoconfigure.context.MessageSourceAutoConfiguration, org.springframework.boot.autoconfigure.data.web.SpringDataWebAutoConfiguration, org.springframework.boot.autoconfigure.freemarker.FreeMarkerAutoConfiguration, org.springframework.boot.autoconfigure.groovy.template.GroovyTemplateAutoConfiguration, org.springframework.boot.autoconfigure.gson.GsonAutoConfiguration, org.springframework.boot.autoconfigure.hateoas.HypermediaAutoConfiguration, org.springframework.boot.autoconfigure.http.HttpMessageConvertersAutoConfiguration, org.springframework.boot.autoconfigure.jackson.JacksonAutoConfiguration, org.springframework.boot.autoconfigure.jsonb.JsonbAutoConfiguration, org.springframework.boot.autoconfigure.mustache.MustacheAutoConfiguration, org.springframework.boot.autoconfigure.task.TaskExecutionAutoConfiguration, org.springframework.boot.autoconfigure.thymeleaf.ThymeleafAutoConfiguration, org.springframework.boot.autoconfigure.validation.ValidationAutoConfiguration, org.springframework.boot.autoconfigure.web.servlet.error.ErrorMvcAutoConfiguration, org.springframework.boot.autoconfigure.web.servlet.WebMvcAutoConfiguration, org.springframework.boot.test.autoconfigure.web.servlet.MockMvcAutoConfiguration, org.springframework.boot.test.autoconfigure.web.servlet.MockMvcSecurityAutoConfiguration, org.springframework.boot.test.autoconfigure.web.servlet.MockMvcWebClientAutoConfiguration, org.springframework.boot.test.autoconfigure.web.servlet.MockMvcWebDriverAutoConfiguration]], org.springframework.boot.test.context.filter.ExcludeFilterContextCustomizer@270e19d, org.springframework.boot.test.json.DuplicateJsonObjectContextCustomizerFactory$DuplicateJsonObjectContextCustomizer@3168c890, org.springframework.boot.test.mock.mockito.MockitoContextCustomizer@0], resourceBasePath = 'src/main/webapp', contextLoader = 'org.springframework.boot.test.context.SpringBootContextLoader', parent = [null]], attributes = map[[empty]]]].
20:13:44.476 [Test worker] DEBUG org.springframework.test.context.support.TestPropertySourceUtils - Adding inlined properties to environment: {spring.jmx.enabled=false, org.springframework.boot.test.autoconfigure.web.servlet.WebMvcTestContextBootstrapper=true, server.port=-1}

  .   ____          _            __ _ _
 /\\ / ___'_ __ _ _(_)_ __  __ _ \ \ \ \
( ( )\___ | '_ | '_| | '_ \/ _` | \ \ \ \
 \\/  ___)| |_)| | | | | || (_| |  ) ) ) )
  '  |____| .__|_| |_|_| |_\__, | / / / /
 =========|_|==============|___/=/_/_/_/
 :: Spring Boot ::        (v2.1.9.RELEASE)

2020-04-16 20:13:50.063  INFO 80405 --- [    Test worker] m.s.study.web.HelloControllerTest        : Starting HelloControllerTest on seolui-MacBook-Pro.local with PID 80405 (started by seol in /Users/seol/workspace/springboot-web)
2020-04-16 20:13:50.064  INFO 80405 --- [    Test worker] m.s.study.web.HelloControllerTest        : The following profiles are active: oauth
2020-04-16 20:13:51.637  INFO 80405 --- [    Test worker] o.s.s.concurrent.ThreadPoolTaskExecutor  : Initializing ExecutorService 'applicationTaskExecutor'
2020-04-16 20:13:51.747  INFO 80405 --- [    Test worker] o.s.b.a.w.s.WelcomePageHandlerMapping    : Adding welcome page template: index
2020-04-16 20:13:52.065  INFO 80405 --- [    Test worker] .s.s.UserDetailsServiceAutoConfiguration : 

Using generated security password: 2d265816-aa2d-4979-b95c-1f87b443392f

2020-04-16 20:13:52.276  INFO 80405 --- [    Test worker] o.s.s.web.DefaultSecurityFilterChain     : Creating filter chain: any request, [org.springframework.security.web.context.request.async.WebAsyncManagerIntegrationFilter@3c447a96, org.springframework.security.web.context.SecurityContextPersistenceFilter@51d46286, org.springframework.security.web.header.HeaderWriterFilter@7ac773c6, org.springframework.security.web.csrf.CsrfFilter@76a86f4d, org.springframework.security.web.authentication.logout.LogoutFilter@a429141, org.springframework.security.web.authentication.UsernamePasswordAuthenticationFilter@c568d1, org.springframework.security.web.authentication.ui.DefaultLoginPageGeneratingFilter@6bbd7f95, org.springframework.security.web.authentication.ui.DefaultLogoutPageGeneratingFilter@666d50a2, org.springframework.security.web.authentication.www.BasicAuthenticationFilter@7272317a, org.springframework.security.web.savedrequest.RequestCacheAwareFilter@5f7cb854, org.springframework.security.web.servletapi.SecurityContextHolderAwareRequestFilter@18da240, org.springframework.security.web.authentication.AnonymousAuthenticationFilter@fd51c97, org.springframework.security.web.session.SessionManagementFilter@5056b20e, org.springframework.security.web.access.ExceptionTranslationFilter@39b41158, org.springframework.security.web.access.intercept.FilterSecurityInterceptor@666b49ae]
2020-04-16 20:13:52.317  INFO 80405 --- [    Test worker] o.s.b.t.m.w.SpringBootMockServletContext : Initializing Spring TestDispatcherServlet ''
2020-04-16 20:13:52.317  INFO 80405 --- [    Test worker] o.s.t.web.servlet.TestDispatcherServlet  : Initializing Servlet ''
2020-04-16 20:13:52.331  INFO 80405 --- [    Test worker] o.s.t.web.servlet.TestDispatcherServlet  : Completed initialization in 14 ms
2020-04-16 20:13:52.391  INFO 80405 --- [    Test worker] m.s.study.web.HelloControllerTest        : Started HelloControllerTest in 7.902 seconds (JVM running for 9.339)
]]></system-out>
  <system-err><![CDATA[]]></system-err>
</testsuite>
