<?xml version="1.0" encoding="UTF-8"?>
<testsuite name="me.seolnavy.study.web.PostsApiControllerTest" tests="3" skipped="0" failures="0" errors="0" timestamp="2020-04-16T11:13:58" hostname="seolui-MacBook-Pro.local" time="0.245">
  <properties/>
  <testcase name="Posts_등록된다" classname="me.seolnavy.study.web.PostsApiControllerTest" time="0.173"/>
  <testcase name="Posts_삭제된다" classname="me.seolnavy.study.web.PostsApiControllerTest" time="0.044"/>
  <testcase name="Posts_수정된다" classname="me.seolnavy.study.web.PostsApiControllerTest" time="0.024"/>
  <system-out><![CDATA[2020-04-16 20:13:58.026  INFO 80405 --- [    Test worker] .b.t.c.SpringBootTestContextBootstrapper : Neither @ContextConfiguration nor @ContextHierarchy found for test class [me.seolnavy.study.web.PostsApiControllerTest], using SpringBootContextLoader
2020-04-16 20:13:58.027  INFO 80405 --- [    Test worker] o.s.t.c.support.AbstractContextLoader    : Could not detect default resource locations for test class [me.seolnavy.study.web.PostsApiControllerTest]: no resource found for suffixes {-context.xml, Context.groovy}.
2020-04-16 20:13:58.028  INFO 80405 --- [    Test worker] t.c.s.AnnotationConfigContextLoaderUtils : Could not detect default configuration classes for test class [me.seolnavy.study.web.PostsApiControllerTest]: PostsApiControllerTest does not declare any static, non-private, non-final, nested classes annotated with @Configuration.
2020-04-16 20:13:58.031  INFO 80405 --- [    Test worker] .b.t.c.SpringBootTestContextBootstrapper : Found @SpringBootConfiguration me.seolnavy.study.Application for test class me.seolnavy.study.web.PostsApiControllerTest
2020-04-16 20:13:58.033  INFO 80405 --- [    Test worker] .b.t.c.SpringBootTestContextBootstrapper : Loaded default TestExecutionListener class names from location [META-INF/spring.factories]: [org.springframework.security.test.context.support.WithSecurityContextTestExecutionListener, org.springframework.security.test.context.support.ReactorContextTestExecutionListener, org.springframework.boot.test.autoconfigure.restdocs.RestDocsTestExecutionListener, org.springframework.boot.test.autoconfigure.web.client.MockRestServiceServerResetTestExecutionListener, org.springframework.boot.test.autoconfigure.web.servlet.MockMvcPrintOnlyOnFailureTestExecutionListener, org.springframework.boot.test.autoconfigure.web.servlet.WebDriverTestExecutionListener, org.springframework.boot.test.mock.mockito.MockitoTestExecutionListener, org.springframework.boot.test.mock.mockito.ResetMocksTestExecutionListener, org.springframework.test.context.web.ServletTestExecutionListener, org.springframework.test.context.support.DirtiesContextBeforeModesTestExecutionListener, org.springframework.test.context.support.DependencyInjectionTestExecutionListener, org.springframework.test.context.support.DirtiesContextTestExecutionListener, org.springframework.test.context.transaction.TransactionalTestExecutionListener, org.springframework.test.context.jdbc.SqlScriptsTestExecutionListener]
2020-04-16 20:13:58.033  INFO 80405 --- [    Test worker] .b.t.c.SpringBootTestContextBootstrapper : Using TestExecutionListeners: [org.springframework.test.context.web.ServletTestExecutionListener@4344331e, org.springframework.test.context.support.DirtiesContextBeforeModesTestExecutionListener@40f3831e, org.springframework.boot.test.mock.mockito.MockitoTestExecutionListener@2fa50258, org.springframework.boot.test.autoconfigure.SpringBootDependencyInjectionTestExecutionListener@6ea74d0, org.springframework.test.context.support.DirtiesContextTestExecutionListener@64d47bd0, org.springframework.test.context.transaction.TransactionalTestExecutionListener@38e3ef27, org.springframework.test.context.jdbc.SqlScriptsTestExecutionListener@3f538da1, org.springframework.security.test.context.support.WithSecurityContextTestExecutionListener@6aca226f, org.springframework.security.test.context.support.ReactorContextTestExecutionListener@2d07de1d, org.springframework.boot.test.autoconfigure.restdocs.RestDocsTestExecutionListener@a3a864d, org.springframework.boot.test.autoconfigure.web.client.MockRestServiceServerResetTestExecutionListener@29273c2e, org.springframework.boot.test.autoconfigure.web.servlet.MockMvcPrintOnlyOnFailureTestExecutionListener@12c5ba3f, org.springframework.boot.test.autoconfigure.web.servlet.WebDriverTestExecutionListener@1a1794c, org.springframework.boot.test.mock.mockito.ResetMocksTestExecutionListener@5f778fdb]
2020-04-16 20:13:58.052  INFO 80405 --- [    Test worker] o.a.c.c.C.[Tomcat].[localhost].[/]       : Initializing Spring TestDispatcherServlet ''
2020-04-16 20:13:58.052  INFO 80405 --- [    Test worker] o.s.t.web.servlet.TestDispatcherServlet  : Initializing Servlet ''
2020-04-16 20:13:58.056  INFO 80405 --- [    Test worker] o.s.t.web.servlet.TestDispatcherServlet  : Completed initialization in 3 ms
Hibernate: insert into posts (created_date, modified_date, author, content, title) values (?, ?, ?, ?, ?)
Hibernate: select posts0_.id as id1_0_0_, posts0_.created_date as created_2_0_0_, posts0_.modified_date as modified3_0_0_, posts0_.author as author4_0_0_, posts0_.content as content5_0_0_, posts0_.title as title6_0_0_ from posts posts0_ where posts0_.id=?
2020-04-16 20:13:58.220  INFO 80405 --- [    Test worker] o.a.c.c.C.[Tomcat].[localhost].[/]       : Initializing Spring TestDispatcherServlet ''
2020-04-16 20:13:58.220  INFO 80405 --- [    Test worker] o.s.t.web.servlet.TestDispatcherServlet  : Initializing Servlet ''
2020-04-16 20:13:58.223  INFO 80405 --- [    Test worker] o.s.t.web.servlet.TestDispatcherServlet  : Completed initialization in 3 ms
Hibernate: insert into posts (created_date, modified_date, author, content, title) values (?, ?, ?, ?, ?)
deleteId = 2
Hibernate: select posts0_.id as id1_0_0_, posts0_.created_date as created_2_0_0_, posts0_.modified_date as modified3_0_0_, posts0_.author as author4_0_0_, posts0_.content as content5_0_0_, posts0_.title as title6_0_0_ from posts posts0_ where posts0_.id=?
Hibernate: delete from posts where id=?
Hibernate: select posts0_.id as id1_0_0_, posts0_.created_date as created_2_0_0_, posts0_.modified_date as modified3_0_0_, posts0_.author as author4_0_0_, posts0_.content as content5_0_0_, posts0_.title as title6_0_0_ from posts posts0_ where posts0_.id=?
findPosts = null
2020-04-16 20:13:58.267  INFO 80405 --- [    Test worker] o.a.c.c.C.[Tomcat].[localhost].[/]       : Initializing Spring TestDispatcherServlet ''
2020-04-16 20:13:58.267  INFO 80405 --- [    Test worker] o.s.t.web.servlet.TestDispatcherServlet  : Initializing Servlet ''
2020-04-16 20:13:58.270  INFO 80405 --- [    Test worker] o.s.t.web.servlet.TestDispatcherServlet  : Completed initialization in 3 ms
Hibernate: insert into posts (created_date, modified_date, author, content, title) values (?, ?, ?, ?, ?)
Hibernate: select posts0_.id as id1_0_0_, posts0_.created_date as created_2_0_0_, posts0_.modified_date as modified3_0_0_, posts0_.author as author4_0_0_, posts0_.content as content5_0_0_, posts0_.title as title6_0_0_ from posts posts0_ where posts0_.id=?
Hibernate: update posts set created_date=?, modified_date=?, author=?, content=?, title=? where id=?
Hibernate: select posts0_.id as id1_0_0_, posts0_.created_date as created_2_0_0_, posts0_.modified_date as modified3_0_0_, posts0_.author as author4_0_0_, posts0_.content as content5_0_0_, posts0_.title as title6_0_0_ from posts posts0_ where posts0_.id=?
]]></system-out>
  <system-err><![CDATA[]]></system-err>
</testsuite>
